This is XeTeX, Version 3.141592653-2.6-0.999993 (TeX Live 2021/W32TeX) (preloaded format=xelatex 2021.10.22)  29 JUN 2022 01:01
entering extended mode
 restricted \write18 enabled.
 file:line:error style messages enabled.
 %&-line parsing enabled.
**tex2
(./tex2.tex
LaTeX2e <2020-10-01> patch level 4
L3 programming layer <2021-02-18> (c:/texlive/2021/texmf-dist/tex/latex/ctex/ctexart.cls (c:/texlive/2021/texmf-dist/tex/latex/ctex/config/ctexbackend.cfg
File: ctexbackend.cfg 2021/03/14 v2.5.6 Backend configuration file (CTEX)
) (c:/texlive/2021/texmf-dist/tex/latex/l3kernel/expl3.sty
Package: expl3 2021-02-18 L3 programming layer (loader) 
 (c:/texlive/2021/texmf-dist/tex/latex/l3backend/l3backend-xetex.def
File: l3backend-xetex.def 2021-03-18 L3 backend support: XeTeX
 (|extractbb --version)
\c__kernel_sys_dvipdfmx_version_int=\count175
\l__color_backend_stack_int=\count176
\g__color_backend_stack_int=\count177
\g__graphics_track_int=\count178
\l__pdf_internal_box=\box47
\g__pdf_backend_object_int=\count179
\g__pdf_backend_annotation_int=\count180
\g__pdf_backend_link_int=\count181
))
Document Class: ctexart 2021/03/14 v2.5.6 Chinese adapter for class article (CTEX)
(c:/texlive/2021/texmf-dist/tex/latex/l3packages/xparse/xparse.sty (c:/texlive/2021/texmf-dist/tex/latex/l3packages/xparse/xparse-2020-10-01.sty (c:/texlive/2021/texmf-dist/tex/latex/l3packages/xparse/xparse-generic.tex))) (c:/texlive/2021/texmf-dist/tex/latex/l3packages/l3keys2e/l3keys2e.sty
Package: l3keys2e 2021-03-12 LaTeX2e option processing using LaTeX3 keys
) (c:/texlive/2021/texmf-dist/tex/latex/ctex/ctexhook.sty
Package: ctexhook 2021/03/14 v2.5.6 Document and package hooks (CTEX)
) (c:/texlive/2021/texmf-dist/tex/latex/ctex/ctexpatch.sty
Package: ctexpatch 2021/03/14 v2.5.6 Patching commands (CTEX)
) (c:/texlive/2021/texmf-dist/tex/latex/base/fix-cm.sty
Package: fix-cm 2015/01/14 v1.1t fixes to LaTeX
 (c:/texlive/2021/texmf-dist/tex/latex/base/ts1enc.def
File: ts1enc.def 2001/06/05 v3.0e (jk/car/fm) Standard LaTeX file
LaTeX Font Info:    Redeclaring font encoding TS1 on input line 47.
)) (c:/texlive/2021/texmf-dist/tex/latex/everysel/everysel.sty
Package: everysel 2021/01/20 v2.1 EverySelectfont Package (MS)
 (c:/texlive/2021/texmf-dist/tex/latex/everysel/everysel-2011-10-28.sty))
\l__ctex_tmp_int=\count182
\l__ctex_tmp_box=\box48
\l__ctex_tmp_dim=\dimen138
\g__ctex_section_depth_int=\count183
\g__ctex_font_size_int=\count184
 (c:/texlive/2021/texmf-dist/tex/latex/ctex/config/ctexopts.cfg
File: ctexopts.cfg 2021/03/14 v2.5.6 Option configuration file (CTEX)
) (c:/texlive/2021/texmf-dist/tex/latex/base/article.cls
Document Class: article 2020/04/10 v1.4m Standard LaTeX document class
(c:/texlive/2021/texmf-dist/tex/latex/base/size10.clo
File: size10.clo 2020/04/10 v1.4m Standard LaTeX file (size option)
)
\c@part=\count185
\c@section=\count186
\c@subsection=\count187
\c@subsubsection=\count188
\c@paragraph=\count189
\c@subparagraph=\count190
\c@figure=\count191
\c@table=\count192
\abovecaptionskip=\skip47
\belowcaptionskip=\skip48
\bibindent=\dimen139
) (c:/texlive/2021/texmf-dist/tex/latex/ctex/engine/ctex-engine-xetex.def
File: ctex-engine-xetex.def 2021/03/14 v2.5.6 XeLaTeX adapter (CTEX)
 (c:/texlive/2021/texmf-dist/tex/xelatex/xecjk/xeCJK.sty
Package: xeCJK 2020/10/19 v3.8.6 Typesetting CJK scripts with XeLaTeX
 (c:/texlive/2021/texmf-dist/tex/latex/l3packages/xtemplate/xtemplate.sty
Package: xtemplate 2021-03-12 L3 Experimental prototype document functions
\l__xtemplate_tmp_dim=\dimen140
\l__xtemplate_tmp_int=\count193
\l__xtemplate_tmp_muskip=\muskip16
\l__xtemplate_tmp_skip=\skip49
)
\l__xeCJK_tmp_int=\count194
\l__xeCJK_tmp_box=\box49
\l__xeCJK_tmp_dim=\dimen141
\l__xeCJK_tmp_skip=\skip50
\g__xeCJK_space_factor_int=\count195
\l__xeCJK_begin_int=\count196
\l__xeCJK_end_int=\count197
\c__xeCJK_CJK_class_int=\XeTeXcharclass1
\c__xeCJK_FullLeft_class_int=\XeTeXcharclass2
\c__xeCJK_FullRight_class_int=\XeTeXcharclass3
\c__xeCJK_HalfLeft_class_int=\XeTeXcharclass4
\c__xeCJK_HalfRight_class_int=\XeTeXcharclass5
\c__xeCJK_NormalSpace_class_int=\XeTeXcharclass6
\c__xeCJK_CM_class_int=\XeTeXcharclass7
\c__xeCJK_HangulJamo_class_int=\XeTeXcharclass8
\l__xeCJK_last_skip=\skip51
\g__xeCJK_node_int=\count198
\c__xeCJK_CJK_node_dim=\dimen142
\c__xeCJK_CJK-space_node_dim=\dimen143
\c__xeCJK_default_node_dim=\dimen144
\c__xeCJK_default-space_node_dim=\dimen145
\c__xeCJK_CJK-widow_node_dim=\dimen146
\c__xeCJK_normalspace_node_dim=\dimen147
\l__xeCJK_ccglue_skip=\skip52
\l__xeCJK_ecglue_skip=\skip53
\l__xeCJK_punct_kern_skip=\skip54
\l__xeCJK_last_penalty_int=\count199
\l__xeCJK_last_bound_dim=\dimen148
\l__xeCJK_last_kern_dim=\dimen149
\l__xeCJK_widow_penalty_int=\count266

Package xtemplate Info: Declaring object type 'xeCJK/punctuation' taking 0
(xtemplate)             argument(s) on line 2341.

\l__xeCJK_fixed_punct_width_dim=\dimen150
\l__xeCJK_mixed_punct_width_dim=\dimen151
\l__xeCJK_middle_punct_width_dim=\dimen152
\l__xeCJK_fixed_margin_width_dim=\dimen153
\l__xeCJK_mixed_margin_width_dim=\dimen154
\l__xeCJK_middle_margin_width_dim=\dimen155
\l__xeCJK_bound_punct_width_dim=\dimen156
\l__xeCJK_bound_margin_width_dim=\dimen157
\l__xeCJK_margin_minimum_dim=\dimen158
\l__xeCJK_kerning_total_width_dim=\dimen159
\l__xeCJK_same_align_margin_dim=\dimen160
\l__xeCJK_different_align_margin_dim=\dimen161
\l__xeCJK_kerning_margin_width_dim=\dimen162
\l__xeCJK_kerning_margin_minimum_dim=\dimen163
\l__xeCJK_bound_dim=\dimen164
\l__xeCJK_reverse_bound_dim=\dimen165
\l__xeCJK_margin_dim=\dimen166
\l__xeCJK_minimum_bound_dim=\dimen167
\l__xeCJK_kerning_margin_dim=\dimen168
\g__xeCJK_family_int=\count267
\l__xeCJK_fam_int=\count268
\g__xeCJK_fam_allocation_int=\count269
\l__xeCJK_verb_case_int=\count270
\l__xeCJK_verb_exspace_skip=\skip55
 (c:/texlive/2021/texmf-dist/tex/latex/fontspec/fontspec.sty
Package: fontspec 2020/02/21 v2.7i Font selection for XeLaTeX and LuaLaTeX
 (c:/texlive/2021/texmf-dist/tex/latex/fontspec/fontspec-xetex.sty
Package: fontspec-xetex 2020/02/21 v2.7i Font selection for XeLaTeX and LuaLaTeX
\l__fontspec_script_int=\count271
\l__fontspec_language_int=\count272
\l__fontspec_strnum_int=\count273
\l__fontspec_tmp_int=\count274
\l__fontspec_tmpa_int=\count275
\l__fontspec_tmpb_int=\count276
\l__fontspec_tmpc_int=\count277
\l__fontspec_em_int=\count278
\l__fontspec_emdef_int=\count279
\l__fontspec_strong_int=\count280
\l__fontspec_strongdef_int=\count281
\l__fontspec_tmpa_dim=\dimen169
\l__fontspec_tmpb_dim=\dimen170
\l__fontspec_tmpc_dim=\dimen171
 (c:/texlive/2021/texmf-dist/tex/latex/base/fontenc.sty
Package: fontenc 2020/08/10 v2.0s Standard LaTeX package
) (c:/texlive/2021/texmf-dist/tex/latex/fontspec/fontspec.cfg))) (c:/texlive/2021/texmf-dist/tex/xelatex/xecjk/xeCJK.cfg
File: xeCJK.cfg 2020/10/19 v3.8.6 Configuration file for xeCJK package
))
\ccwd=\dimen172
\l__ctex_ccglue_skip=\skip56
)
\l__ctex_ziju_dim=\dimen173
 (c:/texlive/2021/texmf-dist/tex/latex/zhnumber/zhnumber.sty
Package: zhnumber 2020/05/01 v2.8 Typesetting numbers with Chinese glyphs
\l__zhnum_scale_int=\count282
 (c:/texlive/2021/texmf-dist/tex/latex/zhnumber/zhnumber-utf8.cfg
File: zhnumber-utf8.cfg 2020/05/01 v2.8 Chinese numerals with UTF8 encoding
))
\l__ctex_heading_skip=\skip57
 (c:/texlive/2021/texmf-dist/tex/latex/ctex/scheme/ctex-scheme-chinese-article.def
File: ctex-scheme-chinese-article.def 2021/03/14 v2.5.6 Chinese scheme for article (CTEX)
 (c:/texlive/2021/texmf-dist/tex/latex/ctex/config/ctex-name-utf8.cfg
File: ctex-name-utf8.cfg 2021/03/14 v2.5.6 Caption with encoding UTF-8 (CTEX)
)) (c:/texlive/2021/texmf-dist/tex/latex/ctex/ctex-c5size.clo
File: ctex-c5size.clo 2021/03/14 v2.5.6 c5size option (CTEX)
) (c:/texlive/2021/texmf-dist/tex/latex/ctex/fontset/ctex-fontset-fandol.def
File: ctex-fontset-fandol.def 2021/03/14 v2.5.6 Fandol fonts definition (CTEX)


Package fontspec Warning: Font "FandolSong-Regular" does not contain requested
(fontspec)                Script "CJK".


Package fontspec Info: Font family 'FandolSong-Regular(0)' created for font
(fontspec)             'FandolSong-Regular' with options
(fontspec)             [Script={CJK},Extension={.otf},BoldFont={FandolSong-Bold},ItalicFont={FandolKai-Regular}].
(fontspec)              
(fontspec)              This font family consists of the following NFSS
(fontspec)             series/shapes:
(fontspec)              
(fontspec)             - 'normal' (m/n) with NFSS spec.:
(fontspec)             <->"[FandolSong-Regular.otf]/OT:language=dflt;"
(fontspec)             - 'small caps'  (m/sc) with NFSS spec.: 
(fontspec)             - 'bold' (b/n) with NFSS spec.:
(fontspec)             <->"[FandolSong-Bold.otf]/OT:language=dflt;"
(fontspec)             - 'bold small caps'  (b/sc) with NFSS spec.: 
(fontspec)             - 'italic' (m/it) with NFSS spec.:
(fontspec)             <->"[FandolKai-Regular.otf]/OT:language=dflt;"
(fontspec)             - 'italic small caps'  (m/scit) with NFSS spec.: 

)) (c:/texlive/2021/texmf-dist/tex/latex/ctex/config/ctex.cfg
File: ctex.cfg 2021/03/14 v2.5.6 Configuration file (CTEX)
) (c:/texlive/2021/texmf-dist/tex/latex/anyfontsize/anyfontsize.sty
Invalid UTF-8 byte or sequence at line 3 replaced by U+FFFD.
Invalid UTF-8 byte or sequence at line 3 replaced by U+FFFD.
Package: anyfontsize 2007/11/22 anyfontsize.sty by pts
) (c:/texlive/2021/texmf-dist/tex/latex/amsmath/amsmath.sty
Package: amsmath 2020/09/23 v2.17i AMS math features
\@mathmargin=\skip58

For additional information on amsmath, use the `?' option.
(c:/texlive/2021/texmf-dist/tex/latex/amsmath/amstext.sty
Package: amstext 2000/06/29 v2.01 AMS text
 (c:/texlive/2021/texmf-dist/tex/latex/amsmath/amsgen.sty
File: amsgen.sty 1999/11/30 v2.0 generic functions
\@emptytoks=\toks15
\ex@=\dimen174
)) (c:/texlive/2021/texmf-dist/tex/latex/amsmath/amsbsy.sty
Package: amsbsy 1999/11/29 v1.2d Bold Symbols
\pmbraise@=\dimen175
) (c:/texlive/2021/texmf-dist/tex/latex/amsmath/amsopn.sty
Package: amsopn 2016/03/08 v2.02 operator names
)
\inf@bad=\count283
LaTeX Info: Redefining \frac on input line 234.
\uproot@=\count284
\leftroot@=\count285
LaTeX Info: Redefining \overline on input line 399.
\classnum@=\count286
\DOTSCASE@=\count287
LaTeX Info: Redefining \ldots on input line 496.
LaTeX Info: Redefining \dots on input line 499.
LaTeX Info: Redefining \cdots on input line 620.
\Mathstrutbox@=\box50
\strutbox@=\box51
\big@size=\dimen176
LaTeX Font Info:    Redeclaring font encoding OML on input line 743.
LaTeX Font Info:    Redeclaring font encoding OMS on input line 744.
\macc@depth=\count288
\c@MaxMatrixCols=\count289
\dotsspace@=\muskip17
\c@parentequation=\count290
\dspbrk@lvl=\count291
\tag@help=\toks16
\row@=\count292
\column@=\count293
\maxfields@=\count294
\andhelp@=\toks17
\eqnshift@=\dimen177
\alignsep@=\dimen178
\tagshift@=\dimen179
\tagwidth@=\dimen180
\totwidth@=\dimen181
\lineht@=\dimen182
\@envbody=\toks18
\multlinegap=\skip59
\multlinetaggap=\skip60
\mathdisplay@stack=\toks19
LaTeX Info: Redefining \[ on input line 2923.
LaTeX Info: Redefining \] on input line 2924.
) (c:/texlive/2021/texmf-dist/tex/latex/amsfonts/amssymb.sty
Package: amssymb 2013/01/14 v3.01 AMS font symbols
 (c:/texlive/2021/texmf-dist/tex/latex/amsfonts/amsfonts.sty
Package: amsfonts 2013/01/14 v3.01 Basic AMSFonts support
\symAMSa=\mathgroup4
\symAMSb=\mathgroup5
LaTeX Font Info:    Redeclaring math symbol \hbar on input line 98.
LaTeX Font Info:    Overwriting math alphabet `\mathfrak' in version `bold'
(Font)                  U/euf/m/n --> U/euf/b/n on input line 106.
)) (c:/texlive/2021/texmf-dist/tex/latex/extarrows/extarrows.sty
Package: extarrows 2020/03/12 v1.2.0 Some extensible arrows
) (c:/texlive/2021/texmf-dist/tex/latex/titlesec/titlesec.sty
Package: titlesec 2019/10/16 v2.13 Sectioning titles
\ttl@box=\box52
\beforetitleunit=\skip61
\aftertitleunit=\skip62
\ttl@plus=\dimen183
\ttl@minus=\dimen184
\ttl@toksa=\toks20
\titlewidth=\dimen185
\titlewidthlast=\dimen186
\titlewidthfirst=\dimen187
) (c:/texlive/2021/texmf-dist/tex/latex/titlesec/titletoc.sty
Package: titletoc 2019/10/16 v2.13 TOC entries
\ttl@leftsep=\dimen188
) (c:/texlive/2021/texmf-dist/tex/latex/pgf/frontendlayer/tikz.sty (c:/texlive/2021/texmf-dist/tex/latex/pgf/basiclayer/pgf.sty (c:/texlive/2021/texmf-dist/tex/latex/pgf/utilities/pgfrcs.sty (c:/texlive/2021/texmf-dist/tex/generic/pgf/utilities/pgfutil-common.tex
\pgfutil@everybye=\toks21
\pgfutil@tempdima=\dimen189
\pgfutil@tempdimb=\dimen190
 (c:/texlive/2021/texmf-dist/tex/generic/pgf/utilities/pgfutil-common-lists.tex)) (c:/texlive/2021/texmf-dist/tex/generic/pgf/utilities/pgfutil-latex.def
\pgfutil@abb=\box53
) (c:/texlive/2021/texmf-dist/tex/generic/pgf/utilities/pgfrcs.code.tex (c:/texlive/2021/texmf-dist/tex/generic/pgf/pgf.revision.tex)
Package: pgfrcs 2020/12/27 v3.1.8b (3.1.8b)
))
Package: pgf 2020/12/27 v3.1.8b (3.1.8b)
 (c:/texlive/2021/texmf-dist/tex/latex/pgf/basiclayer/pgfcore.sty (c:/texlive/2021/texmf-dist/tex/latex/graphics/graphicx.sty
Package: graphicx 2020/09/09 v1.2b Enhanced LaTeX Graphics (DPC,SPQR)
 (c:/texlive/2021/texmf-dist/tex/latex/graphics/keyval.sty
Package: keyval 2014/10/28 v1.15 key=value parser (DPC)
\KV@toks@=\toks22
) (c:/texlive/2021/texmf-dist/tex/latex/graphics/graphics.sty
Package: graphics 2020/08/30 v1.4c Standard LaTeX Graphics (DPC,SPQR)
 (c:/texlive/2021/texmf-dist/tex/latex/graphics/trig.sty
Package: trig 2016/01/03 v1.10 sin cos tan (DPC)
) (c:/texlive/2021/texmf-dist/tex/latex/graphics-cfg/graphics.cfg
File: graphics.cfg 2016/06/04 v1.11 sample graphics configuration
)
Package graphics Info: Driver file: xetex.def on input line 105.
 (c:/texlive/2021/texmf-dist/tex/latex/graphics-def/xetex.def
File: xetex.def 2021/03/18 v5.0k Graphics/color driver for xetex
))
\Gin@req@height=\dimen191
\Gin@req@width=\dimen192
) (c:/texlive/2021/texmf-dist/tex/latex/pgf/systemlayer/pgfsys.sty (c:/texlive/2021/texmf-dist/tex/generic/pgf/systemlayer/pgfsys.code.tex
Package: pgfsys 2020/12/27 v3.1.8b (3.1.8b)
 (c:/texlive/2021/texmf-dist/tex/generic/pgf/utilities/pgfkeys.code.tex
\pgfkeys@pathtoks=\toks23
\pgfkeys@temptoks=\toks24
 (c:/texlive/2021/texmf-dist/tex/generic/pgf/utilities/pgfkeysfiltered.code.tex
\pgfkeys@tmptoks=\toks25
))
\pgf@x=\dimen193
\pgf@y=\dimen194
\pgf@xa=\dimen195
\pgf@ya=\dimen196
\pgf@xb=\dimen197
\pgf@yb=\dimen198
\pgf@xc=\dimen199
\pgf@yc=\dimen256
\pgf@xd=\dimen257
\pgf@yd=\dimen258
\w@pgf@writea=\write3
\r@pgf@reada=\read2
\c@pgf@counta=\count295
\c@pgf@countb=\count296
\c@pgf@countc=\count297
\c@pgf@countd=\count298
\t@pgf@toka=\toks26
\t@pgf@tokb=\toks27
\t@pgf@tokc=\toks28
\pgf@sys@id@count=\count299
 (c:/texlive/2021/texmf-dist/tex/generic/pgf/systemlayer/pgf.cfg
File: pgf.cfg 2020/12/27 v3.1.8b (3.1.8b)
)
Driver file for pgf: pgfsys-xetex.def
 (c:/texlive/2021/texmf-dist/tex/generic/pgf/systemlayer/pgfsys-xetex.def
File: pgfsys-xetex.def 2020/12/27 v3.1.8b (3.1.8b)
 (c:/texlive/2021/texmf-dist/tex/generic/pgf/systemlayer/pgfsys-dvipdfmx.def
File: pgfsys-dvipdfmx.def 2020/12/27 v3.1.8b (3.1.8b)
 (c:/texlive/2021/texmf-dist/tex/generic/pgf/systemlayer/pgfsys-common-pdf.def
File: pgfsys-common-pdf.def 2020/12/27 v3.1.8b (3.1.8b)
)
\pgfsys@objnum=\count300
))) (c:/texlive/2021/texmf-dist/tex/generic/pgf/systemlayer/pgfsyssoftpath.code.tex
File: pgfsyssoftpath.code.tex 2020/12/27 v3.1.8b (3.1.8b)
\pgfsyssoftpath@smallbuffer@items=\count301
\pgfsyssoftpath@bigbuffer@items=\count302
) (c:/texlive/2021/texmf-dist/tex/generic/pgf/systemlayer/pgfsysprotocol.code.tex
File: pgfsysprotocol.code.tex 2020/12/27 v3.1.8b (3.1.8b)
)) (c:/texlive/2021/texmf-dist/tex/latex/xcolor/xcolor.sty
Package: xcolor 2016/05/11 v2.12 LaTeX color extensions (UK)
 (c:/texlive/2021/texmf-dist/tex/latex/graphics-cfg/color.cfg
File: color.cfg 2016/01/02 v1.6 sample color configuration
)
Package xcolor Info: Driver file: xetex.def on input line 225.
Package xcolor Info: Model `cmy' substituted by `cmy0' on input line 1348.
Package xcolor Info: Model `RGB' extended on input line 1364.
Package xcolor Info: Model `HTML' substituted by `rgb' on input line 1366.
Package xcolor Info: Model `Hsb' substituted by `hsb' on input line 1367.
Package xcolor Info: Model `tHsb' substituted by `hsb' on input line 1368.
Package xcolor Info: Model `HSB' substituted by `hsb' on input line 1369.
Package xcolor Info: Model `Gray' substituted by `gray' on input line 1370.
Package xcolor Info: Model `wave' substituted by `hsb' on input line 1371.
) (c:/texlive/2021/texmf-dist/tex/generic/pgf/basiclayer/pgfcore.code.tex
Package: pgfcore 2020/12/27 v3.1.8b (3.1.8b)
 (c:/texlive/2021/texmf-dist/tex/generic/pgf/math/pgfmath.code.tex (c:/texlive/2021/texmf-dist/tex/generic/pgf/math/pgfmathcalc.code.tex (c:/texlive/2021/texmf-dist/tex/generic/pgf/math/pgfmathutil.code.tex) (c:/texlive/2021/texmf-dist/tex/generic/pgf/math/pgfmathparser.code.tex
\pgfmath@dimen=\dimen259
\pgfmath@count=\count303
\pgfmath@box=\box54
\pgfmath@toks=\toks29
\pgfmath@stack@operand=\toks30
\pgfmath@stack@operation=\toks31
) (c:/texlive/2021/texmf-dist/tex/generic/pgf/math/pgfmathfunctions.code.tex (c:/texlive/2021/texmf-dist/tex/generic/pgf/math/pgfmathfunctions.basic.code.tex) (c:/texlive/2021/texmf-dist/tex/generic/pgf/math/pgfmathfunctions.trigonometric.code.tex) (c:/texlive/2021/texmf-dist/tex/generic/pgf/math/pgfmathfunctions.random.code.tex) (c:/texlive/2021/texmf-dist/tex/generic/pgf/math/pgfmathfunctions.comparison.code.tex) (c:/texlive/2021/texmf-dist/tex/generic/pgf/math/pgfmathfunctions.base.code.tex) (c:/texlive/2021/texmf-dist/tex/generic/pgf/math/pgfmathfunctions.round.code.tex) (c:/texlive/2021/texmf-dist/tex/generic/pgf/math/pgfmathfunctions.misc.code.tex) (c:/texlive/2021/texmf-dist/tex/generic/pgf/math/pgfmathfunctions.integerarithmetics.code.tex))) (c:/texlive/2021/texmf-dist/tex/generic/pgf/math/pgfmathfloat.code.tex
\c@pgfmathroundto@lastzeros=\count304
)) (c:/texlive/2021/texmf-dist/tex/generic/pgf/math/pgfint.code.tex) (c:/texlive/2021/texmf-dist/tex/generic/pgf/basiclayer/pgfcorepoints.code.tex
File: pgfcorepoints.code.tex 2020/12/27 v3.1.8b (3.1.8b)
\pgf@picminx=\dimen260
\pgf@picmaxx=\dimen261
\pgf@picminy=\dimen262
\pgf@picmaxy=\dimen263
\pgf@pathminx=\dimen264
\pgf@pathmaxx=\dimen265
\pgf@pathminy=\dimen266
\pgf@pathmaxy=\dimen267
\pgf@xx=\dimen268
\pgf@xy=\dimen269
\pgf@yx=\dimen270
\pgf@yy=\dimen271
\pgf@zx=\dimen272
\pgf@zy=\dimen273
) (c:/texlive/2021/texmf-dist/tex/generic/pgf/basiclayer/pgfcorepathconstruct.code.tex
File: pgfcorepathconstruct.code.tex 2020/12/27 v3.1.8b (3.1.8b)
\pgf@path@lastx=\dimen274
\pgf@path@lasty=\dimen275
) (c:/texlive/2021/texmf-dist/tex/generic/pgf/basiclayer/pgfcorepathusage.code.tex
File: pgfcorepathusage.code.tex 2020/12/27 v3.1.8b (3.1.8b)
\pgf@shorten@end@additional=\dimen276
\pgf@shorten@start@additional=\dimen277
) (c:/texlive/2021/texmf-dist/tex/generic/pgf/basiclayer/pgfcorescopes.code.tex
File: pgfcorescopes.code.tex 2020/12/27 v3.1.8b (3.1.8b)
\pgfpic=\box55
\pgf@hbox=\box56
\pgf@layerbox@main=\box57
\pgf@picture@serial@count=\count305
) (c:/texlive/2021/texmf-dist/tex/generic/pgf/basiclayer/pgfcoregraphicstate.code.tex
File: pgfcoregraphicstate.code.tex 2020/12/27 v3.1.8b (3.1.8b)
\pgflinewidth=\dimen278
) (c:/texlive/2021/texmf-dist/tex/generic/pgf/basiclayer/pgfcoretransformations.code.tex
File: pgfcoretransformations.code.tex 2020/12/27 v3.1.8b (3.1.8b)
\pgf@pt@x=\dimen279
\pgf@pt@y=\dimen280
\pgf@pt@temp=\dimen281
) (c:/texlive/2021/texmf-dist/tex/generic/pgf/basiclayer/pgfcorequick.code.tex
File: pgfcorequick.code.tex 2020/12/27 v3.1.8b (3.1.8b)
) (c:/texlive/2021/texmf-dist/tex/generic/pgf/basiclayer/pgfcoreobjects.code.tex
File: pgfcoreobjects.code.tex 2020/12/27 v3.1.8b (3.1.8b)
) (c:/texlive/2021/texmf-dist/tex/generic/pgf/basiclayer/pgfcorepathprocessing.code.tex
File: pgfcorepathprocessing.code.tex 2020/12/27 v3.1.8b (3.1.8b)
) (c:/texlive/2021/texmf-dist/tex/generic/pgf/basiclayer/pgfcorearrows.code.tex
File: pgfcorearrows.code.tex 2020/12/27 v3.1.8b (3.1.8b)
\pgfarrowsep=\dimen282
) (c:/texlive/2021/texmf-dist/tex/generic/pgf/basiclayer/pgfcoreshade.code.tex
File: pgfcoreshade.code.tex 2020/12/27 v3.1.8b (3.1.8b)
\pgf@max=\dimen283
\pgf@sys@shading@range@num=\count306
\pgf@shadingcount=\count307
) (c:/texlive/2021/texmf-dist/tex/generic/pgf/basiclayer/pgfcoreimage.code.tex
File: pgfcoreimage.code.tex 2020/12/27 v3.1.8b (3.1.8b)
 (c:/texlive/2021/texmf-dist/tex/generic/pgf/basiclayer/pgfcoreexternal.code.tex
File: pgfcoreexternal.code.tex 2020/12/27 v3.1.8b (3.1.8b)
\pgfexternal@startupbox=\box58
)) (c:/texlive/2021/texmf-dist/tex/generic/pgf/basiclayer/pgfcorelayers.code.tex
File: pgfcorelayers.code.tex 2020/12/27 v3.1.8b (3.1.8b)
) (c:/texlive/2021/texmf-dist/tex/generic/pgf/basiclayer/pgfcoretransparency.code.tex
File: pgfcoretransparency.code.tex 2020/12/27 v3.1.8b (3.1.8b)
) (c:/texlive/2021/texmf-dist/tex/generic/pgf/basiclayer/pgfcorepatterns.code.tex
File: pgfcorepatterns.code.tex 2020/12/27 v3.1.8b (3.1.8b)
) (c:/texlive/2021/texmf-dist/tex/generic/pgf/basiclayer/pgfcorerdf.code.tex
File: pgfcorerdf.code.tex 2020/12/27 v3.1.8b (3.1.8b)
))) (c:/texlive/2021/texmf-dist/tex/generic/pgf/modules/pgfmoduleshapes.code.tex
File: pgfmoduleshapes.code.tex 2020/12/27 v3.1.8b (3.1.8b)
\pgfnodeparttextbox=\box59
) (c:/texlive/2021/texmf-dist/tex/generic/pgf/modules/pgfmoduleplot.code.tex
File: pgfmoduleplot.code.tex 2020/12/27 v3.1.8b (3.1.8b)
) (c:/texlive/2021/texmf-dist/tex/latex/pgf/compatibility/pgfcomp-version-0-65.sty
Package: pgfcomp-version-0-65 2020/12/27 v3.1.8b (3.1.8b)
\pgf@nodesepstart=\dimen284
\pgf@nodesepend=\dimen285
) (c:/texlive/2021/texmf-dist/tex/latex/pgf/compatibility/pgfcomp-version-1-18.sty
Package: pgfcomp-version-1-18 2020/12/27 v3.1.8b (3.1.8b)
)) (c:/texlive/2021/texmf-dist/tex/latex/pgf/utilities/pgffor.sty (c:/texlive/2021/texmf-dist/tex/latex/pgf/utilities/pgfkeys.sty (c:/texlive/2021/texmf-dist/tex/generic/pgf/utilities/pgfkeys.code.tex)) (c:/texlive/2021/texmf-dist/tex/latex/pgf/math/pgfmath.sty (c:/texlive/2021/texmf-dist/tex/generic/pgf/math/pgfmath.code.tex)) (c:/texlive/2021/texmf-dist/tex/generic/pgf/utilities/pgffor.code.tex
Package: pgffor 2020/12/27 v3.1.8b (3.1.8b)
 (c:/texlive/2021/texmf-dist/tex/generic/pgf/math/pgfmath.code.tex)
\pgffor@iter=\dimen286
\pgffor@skip=\dimen287
\pgffor@stack=\toks32
\pgffor@toks=\toks33
)) (c:/texlive/2021/texmf-dist/tex/generic/pgf/frontendlayer/tikz/tikz.code.tex
Package: tikz 2020/12/27 v3.1.8b (3.1.8b)
 (c:/texlive/2021/texmf-dist/tex/generic/pgf/libraries/pgflibraryplothandlers.code.tex
File: pgflibraryplothandlers.code.tex 2020/12/27 v3.1.8b (3.1.8b)
\pgf@plot@mark@count=\count308
\pgfplotmarksize=\dimen288
)
\tikz@lastx=\dimen289
\tikz@lasty=\dimen290
\tikz@lastxsaved=\dimen291
\tikz@lastysaved=\dimen292
\tikz@lastmovetox=\dimen293
\tikz@lastmovetoy=\dimen294
\tikzleveldistance=\dimen295
\tikzsiblingdistance=\dimen296
\tikz@figbox=\box60
\tikz@figbox@bg=\box61
\tikz@tempbox=\box62
\tikz@tempbox@bg=\box63
\tikztreelevel=\count309
\tikznumberofchildren=\count310
\tikznumberofcurrentchild=\count311
\tikz@fig@count=\count312
 (c:/texlive/2021/texmf-dist/tex/generic/pgf/modules/pgfmodulematrix.code.tex
File: pgfmodulematrix.code.tex 2020/12/27 v3.1.8b (3.1.8b)
\pgfmatrixcurrentrow=\count313
\pgfmatrixcurrentcolumn=\count314
\pgf@matrix@numberofcolumns=\count315
)
\tikz@expandcount=\count316
 (c:/texlive/2021/texmf-dist/tex/generic/pgf/frontendlayer/tikz/libraries/tikzlibrarytopaths.code.tex
File: tikzlibrarytopaths.code.tex 2020/12/27 v3.1.8b (3.1.8b)
))) (c:/texlive/2021/texmf-dist/tex/generic/pgf/frontendlayer/tikz/libraries/tikzlibraryarrows.code.tex
File: tikzlibraryarrows.code.tex 2020/12/27 v3.1.8b (3.1.8b)
 (c:/texlive/2021/texmf-dist/tex/generic/pgf/libraries/pgflibraryarrows.code.tex
File: pgflibraryarrows.code.tex 2020/12/27 v3.1.8b (3.1.8b)
\arrowsize=\dimen297
)) (c:/texlive/2021/texmf-dist/tex/generic/pgf/frontendlayer/tikz/libraries/tikzlibrarybackgrounds.code.tex
File: tikzlibrarybackgrounds.code.tex 2020/12/27 v3.1.8b (3.1.8b)
\pgf@layerbox@background=\box64
\pgf@layerboxsaved@background=\box65
) (c:/texlive/2021/texmf-dist/tex/latex/geometry/geometry.sty
Package: geometry 2020/01/02 v5.9 Page Geometry
 (c:/texlive/2021/texmf-dist/tex/generic/iftex/ifvtex.sty
Package: ifvtex 2019/10/25 v1.7 ifvtex legacy package. Use iftex instead.
 (c:/texlive/2021/texmf-dist/tex/generic/iftex/iftex.sty
Package: iftex 2020/03/06 v1.0d TeX engine tests
))
\Gm@cnth=\count317
\Gm@cntv=\count318
\c@Gm@tempcnt=\count319
\Gm@bindingoffset=\dimen298
\Gm@wd@mp=\dimen299
\Gm@odd@mp=\dimen300
\Gm@even@mp=\dimen301
\Gm@layoutwidth=\dimen302
\Gm@layoutheight=\dimen303
\Gm@layouthoffset=\dimen304
\Gm@layoutvoffset=\dimen305
\Gm@dimlist=\toks34
) (c:/texlive/2021/texmf-dist/tex/latex/fancyhdr/fancyhdr.sty
Package: fancyhdr 2021/01/28 v4.0.1 Extensive control of page headers and footers
\f@nch@headwidth=\skip63
\f@nch@O@elh=\skip64
\f@nch@O@erh=\skip65
\f@nch@O@olh=\skip66
\f@nch@O@orh=\skip67
\f@nch@O@elf=\skip68
\f@nch@O@erf=\skip69
\f@nch@O@olf=\skip70
\f@nch@O@orf=\skip71
) (c:/texlive/2021/texmf-dist/tex/latex/setspace/setspace.sty
Package: setspace 2011/12/19 v6.7a set line spacing
) (c:/texlive/2021/texmf-dist/tex/latex/tools/indentfirst.sty
Package: indentfirst 1995/11/23 v1.03 Indent first paragraph (DPC)
) (./tex2.aux)
\openout1 = `tex2.aux'.

LaTeX Font Info:    Checking defaults for OML/cmm/m/it on input line 106.
LaTeX Font Info:    ... okay on input line 106.
LaTeX Font Info:    Checking defaults for OMS/cmsy/m/n on input line 106.
LaTeX Font Info:    ... okay on input line 106.
LaTeX Font Info:    Checking defaults for OT1/cmr/m/n on input line 106.
LaTeX Font Info:    ... okay on input line 106.
LaTeX Font Info:    Checking defaults for T1/cmr/m/n on input line 106.
LaTeX Font Info:    ... okay on input line 106.
LaTeX Font Info:    Checking defaults for TS1/cmr/m/n on input line 106.
LaTeX Font Info:    ... okay on input line 106.
LaTeX Font Info:    Checking defaults for TU/lmr/m/n on input line 106.
LaTeX Font Info:    ... okay on input line 106.
LaTeX Font Info:    Checking defaults for OMX/cmex/m/n on input line 106.
LaTeX Font Info:    ... okay on input line 106.
LaTeX Font Info:    Checking defaults for U/cmr/m/n on input line 106.
LaTeX Font Info:    ... okay on input line 106.
 ABD: EverySelectfont initializing macros
LaTeX Info: Redefining \selectfont on input line 106.

Package fontspec Info: Adjusting the maths setup (use [no-math] to avoid
(fontspec)             this).

\symlegacymaths=\mathgroup6
LaTeX Font Info:    Overwriting symbol font `legacymaths' in version `bold'
(Font)                  OT1/cmr/m/n --> OT1/cmr/bx/n on input line 106.
LaTeX Font Info:    Redeclaring math accent \acute on input line 106.
LaTeX Font Info:    Redeclaring math accent \grave on input line 106.
LaTeX Font Info:    Redeclaring math accent \ddot on input line 106.
LaTeX Font Info:    Redeclaring math accent \tilde on input line 106.
LaTeX Font Info:    Redeclaring math accent \bar on input line 106.
LaTeX Font Info:    Redeclaring math accent \breve on input line 106.
LaTeX Font Info:    Redeclaring math accent \check on input line 106.
LaTeX Font Info:    Redeclaring math accent \hat on input line 106.
LaTeX Font Info:    Redeclaring math accent \dot on input line 106.
LaTeX Font Info:    Redeclaring math accent \mathring on input line 106.
LaTeX Font Info:    Redeclaring math symbol \Gamma on input line 106.
LaTeX Font Info:    Redeclaring math symbol \Delta on input line 106.
LaTeX Font Info:    Redeclaring math symbol \Theta on input line 106.
LaTeX Font Info:    Redeclaring math symbol \Lambda on input line 106.
LaTeX Font Info:    Redeclaring math symbol \Xi on input line 106.
LaTeX Font Info:    Redeclaring math symbol \Pi on input line 106.
LaTeX Font Info:    Redeclaring math symbol \Sigma on input line 106.
LaTeX Font Info:    Redeclaring math symbol \Upsilon on input line 106.
LaTeX Font Info:    Redeclaring math symbol \Phi on input line 106.
LaTeX Font Info:    Redeclaring math symbol \Psi on input line 106.
LaTeX Font Info:    Redeclaring math symbol \Omega on input line 106.
LaTeX Font Info:    Redeclaring math symbol \mathdollar on input line 106.
LaTeX Font Info:    Redeclaring symbol font `operators' on input line 106.
LaTeX Font Info:    Encoding `OT1' has changed to `TU' for symbol font
(Font)              `operators' in the math version `normal' on input line 106.
LaTeX Font Info:    Overwriting symbol font `operators' in version `normal'
(Font)                  OT1/cmr/m/n --> TU/lmr/m/n on input line 106.
LaTeX Font Info:    Encoding `OT1' has changed to `TU' for symbol font
(Font)              `operators' in the math version `bold' on input line 106.
LaTeX Font Info:    Overwriting symbol font `operators' in version `bold'
(Font)                  OT1/cmr/bx/n --> TU/lmr/m/n on input line 106.
LaTeX Font Info:    Overwriting symbol font `operators' in version `normal'
(Font)                  TU/lmr/m/n --> TU/lmr/m/n on input line 106.
LaTeX Font Info:    Overwriting math alphabet `\mathit' in version `normal'
(Font)                  OT1/cmr/m/it --> TU/lmr/m/it on input line 106.
LaTeX Font Info:    Overwriting math alphabet `\mathbf' in version `normal'
(Font)                  OT1/cmr/bx/n --> TU/lmr/b/n on input line 106.
LaTeX Font Info:    Overwriting math alphabet `\mathsf' in version `normal'
(Font)                  OT1/cmss/m/n --> TU/lmss/m/n on input line 106.
LaTeX Font Info:    Overwriting math alphabet `\mathtt' in version `normal'
(Font)                  OT1/cmtt/m/n --> TU/lmtt/m/n on input line 106.
LaTeX Font Info:    Overwriting symbol font `operators' in version `bold'
(Font)                  TU/lmr/m/n --> TU/lmr/b/n on input line 106.
LaTeX Font Info:    Overwriting math alphabet `\mathit' in version `bold'
(Font)                  OT1/cmr/bx/it --> TU/lmr/b/it on input line 106.
LaTeX Font Info:    Overwriting math alphabet `\mathsf' in version `bold'
(Font)                  OT1/cmss/bx/n --> TU/lmss/b/n on input line 106.
LaTeX Font Info:    Overwriting math alphabet `\mathtt' in version `bold'
(Font)                  OT1/cmtt/m/n --> TU/lmtt/b/n on input line 106.

*geometry* driver: auto-detecting
*geometry* detected driver: xetex
*geometry* verbose mode - [ preamble ] result:
* driver: xetex
* paper: custom
* layout: <same size as paper>
* layoutoffset:(h,v)=(0.0pt,0.0pt)
* modes: 
* h-part:(L,W,R)=(28.45274pt, 540.60239pt, 28.45274pt)
* v-part:(T,H,B)=(56.9055pt, 731.23575pt, 56.9055pt)
* \paperwidth=597.50787pt
* \paperheight=845.04675pt
* \textwidth=540.60239pt
* \textheight=731.23575pt
* \oddsidemargin=-43.81725pt
* \evensidemargin=-43.81725pt
* \topmargin=-52.36449pt
* \headheight=12.0pt
* \headsep=25.0pt
* \topskip=10.0pt
* \footskip=30.0pt
* \marginparwidth=65.0pt
* \marginparsep=11.0pt
* \columnsep=10.0pt
* \skip\footins=9.0pt plus 4.0pt minus 2.0pt
* \hoffset=0.0pt
* \voffset=0.0pt
* \mag=1000
* \@twocolumnfalse
* \@twosidefalse
* \@mparswitchfalse
* \@reversemarginfalse
* (1in=72.27pt=25.4mm, 1cm=28.453pt)

LaTeX Font Info:    Trying to load font information for U+msa on input line 110.
(c:/texlive/2021/texmf-dist/tex/latex/amsfonts/umsa.fd
File: umsa.fd 2013/01/14 v3.01 AMS symbols A
)
LaTeX Font Info:    Trying to load font information for U+msb on input line 110.
 (c:/texlive/2021/texmf-dist/tex/latex/amsfonts/umsb.fd
File: umsb.fd 2013/01/14 v3.01 AMS symbols B
) [1

] (./tex2.toc
Missing character: There is no 線 (U+7DDA) in font [FandolSong-Regular.otf]/OT:language=dflt;!
 [2] [3])
\tf@toc=\write4
\openout4 = `tex2.toc'.

 [4]
Missing character: There is no 係 (U+4FC2) in font [FandolSong-Regular.otf]/OT:language=dflt;!
Missing character: There is no 線 (U+7DDA) in font [FandolSong-Bold.otf]/OT:language=dflt;!
Missing character: There is no 線 (U+7DDA) in font [FandolSong-Bold.otf]/OT:language=dflt;!
Missing character: There is no 線 (U+7DDA) in font [FandolSong-Bold.otf]/OT:language=dflt;!
Missing character: There is no 線 (U+7DDA) in font [FandolSong-Bold.otf]/OT:language=dflt;!
Missing character: There is no 線 (U+7DDA) in font [FandolSong-Bold.otf]/OT:language=dflt;!
Missing character: There is no 線 (U+7DDA) in font [FandolSong-Bold.otf]/OT:language=dflt;!
 [5]
Overfull \hbox (24.86763pt too wide) in paragraph at lines 1222--1261
[][] 
 []

[6] [7] [1]
Missing character: There is no 換 (U+63DB) in font [FandolSong-Regular.otf]/OT:language=dflt;!
Missing character: There is no 換 (U+63DB) in font [FandolSong-Regular.otf]/OT:language=dflt;!
Missing character: There is no 換 (U+63DB) in font [FandolSong-Regular.otf]/OT:language=dflt;!
Missing character: There is no 換 (U+63DB) in font [FandolSong-Regular.otf]/OT:language=dflt;!
 [2] [3] [4] [5]
Missing character: There is no 為 (U+70BA) in font [FandolSong-Regular.otf]/OT:language=dflt;!
Missing character: There is no 為 (U+70BA) in font [FandolSong-Regular.otf]/OT:language=dflt;!
Missing character: There is no 為 (U+70BA) in font [FandolSong-Regular.otf]/OT:language=dflt;!
Missing character: There is no 為 (U+70BA) in font [FandolSong-Regular.otf]/OT:language=dflt;!
Missing character: There is no 內 (U+5167) in font [FandolSong-Regular.otf]/OT:language=dflt;!
Missing character: There is no 內 (U+5167) in font [FandolSong-Regular.otf]/OT:language=dflt;!
Missing character: There is no 內 (U+5167) in font [FandolSong-Regular.otf]/OT:language=dflt;!
Missing character: There is no 內 (U+5167) in font [FandolSong-Regular.otf]/OT:language=dflt;!
Missing character: There is no 為 (U+70BA) in font [FandolSong-Regular.otf]/OT:language=dflt;!
Missing character: There is no 為 (U+70BA) in font [FandolSong-Regular.otf]/OT:language=dflt;!
Missing character: There is no 為 (U+70BA) in font [FandolSong-Regular.otf]/OT:language=dflt;!
Missing character: There is no 為 (U+70BA) in font [FandolSong-Regular.otf]/OT:language=dflt;!
Missing character: There is no 為 (U+70BA) in font [FandolSong-Regular.otf]/OT:language=dflt;!
Missing character: There is no 為 (U+70BA) in font [FandolSong-Regular.otf]/OT:language=dflt;!
Missing character: There is no 為 (U+70BA) in font [FandolSong-Regular.otf]/OT:language=dflt;!
Missing character: There is no 為 (U+70BA) in font [FandolSong-Regular.otf]/OT:language=dflt;!
Missing character: There is no ; ("3B) in font nullfont!
Missing character: There is no ; ("3B) in font nullfont!
Missing character: There is no ; ("3B) in font nullfont!
Missing character: There is no 為 (U+70BA) in font [FandolSong-Regular.otf]/OT:language=dflt;!
Missing character: There is no 為 (U+70BA) in font [FandolSong-Regular.otf]/OT:language=dflt;!
Missing character: There is no 為 (U+70BA) in font [FandolSong-Regular.otf]/OT:language=dflt;!
Missing character: There is no 為 (U+70BA) in font [FandolSong-Regular.otf]/OT:language=dflt;!
Missing character: There is no 內 (U+5167) in font [FandolSong-Regular.otf]/OT:language=dflt;!
Missing character: There is no 內 (U+5167) in font [FandolSong-Regular.otf]/OT:language=dflt;!
Missing character: There is no 內 (U+5167) in font [FandolSong-Regular.otf]/OT:language=dflt;!
Missing character: There is no 內 (U+5167) in font [FandolSong-Regular.otf]/OT:language=dflt;!
Missing character: There is no 為 (U+70BA) in font [FandolSong-Regular.otf]/OT:language=dflt;!
Missing character: There is no 為 (U+70BA) in font [FandolSong-Regular.otf]/OT:language=dflt;!
Missing character: There is no 為 (U+70BA) in font [FandolSong-Regular.otf]/OT:language=dflt;!
Missing character: There is no 為 (U+70BA) in font [FandolSong-Regular.otf]/OT:language=dflt;!
Missing character: There is no 內 (U+5167) in font [FandolSong-Regular.otf]/OT:language=dflt;!
Missing character: There is no 內 (U+5167) in font [FandolSong-Regular.otf]/OT:language=dflt;!
Missing character: There is no 內 (U+5167) in font [FandolSong-Regular.otf]/OT:language=dflt;!
Missing character: There is no 內 (U+5167) in font [FandolSong-Regular.otf]/OT:language=dflt;!
Missing character: There is no 內 (U+5167) in font [FandolSong-Regular.otf]/OT:language=dflt;!
Missing character: There is no 線 (U+7DDA) in font [FandolSong-Regular.otf]/OT:language=dflt;!
Missing character: There is no 線 (U+7DDA) in font [FandolSong-Regular.otf]/OT:language=dflt;!
Missing character: There is no 線 (U+7DDA) in font [FandolSong-Regular.otf]/OT:language=dflt;!
Missing character: There is no 線 (U+7DDA) in font [FandolSong-Regular.otf]/OT:language=dflt;!
Missing character: There is no 線 (U+7DDA) in font [FandolSong-Regular.otf]/OT:language=dflt;!
Missing character: There is no 線 (U+7DDA) in font [FandolSong-Regular.otf]/OT:language=dflt;!
Missing character: There is no 為 (U+70BA) in font [FandolSong-Regular.otf]/OT:language=dflt;!
Missing character: There is no 為 (U+70BA) in font [FandolSong-Regular.otf]/OT:language=dflt;!
Missing character: There is no 為 (U+70BA) in font [FandolSong-Regular.otf]/OT:language=dflt;!
Missing character: There is no 為 (U+70BA) in font [FandolSong-Regular.otf]/OT:language=dflt;!
Missing character: There is no 為 (U+70BA) in font [FandolSong-Regular.otf]/OT:language=dflt;!
Missing character: There is no 為 (U+70BA) in font [FandolSong-Regular.otf]/OT:language=dflt;!
Missing character: There is no 為 (U+70BA) in font [FandolSong-Regular.otf]/OT:language=dflt;!
Missing character: There is no 為 (U+70BA) in font [FandolSong-Regular.otf]/OT:language=dflt;!
Missing character: There is no 為 (U+70BA) in font [FandolSong-Regular.otf]/OT:language=dflt;!
Missing character: There is no 為 (U+70BA) in font [FandolSong-Regular.otf]/OT:language=dflt;!
Missing character: There is no 為 (U+70BA) in font [FandolSong-Regular.otf]/OT:language=dflt;!
Missing character: There is no 為 (U+70BA) in font [FandolSong-Regular.otf]/OT:language=dflt;!
Missing character: There is no 為 (U+70BA) in font [FandolSong-Regular.otf]/OT:language=dflt;!
Missing character: There is no 為 (U+70BA) in font [FandolSong-Regular.otf]/OT:language=dflt;!
Missing character: There is no 為 (U+70BA) in font [FandolSong-Regular.otf]/OT:language=dflt;!
Missing character: There is no 為 (U+70BA) in font [FandolSong-Regular.otf]/OT:language=dflt;!
Missing character: There is no 為 (U+70BA) in font [FandolSong-Regular.otf]/OT:language=dflt;!
Missing character: There is no 為 (U+70BA) in font [FandolSong-Regular.otf]/OT:language=dflt;!
Missing character: There is no 為 (U+70BA) in font [FandolSong-Regular.otf]/OT:language=dflt;!
Missing character: There is no 為 (U+70BA) in font [FandolSong-Regular.otf]/OT:language=dflt;!
Missing character: There is no 為 (U+70BA) in font [FandolSong-Regular.otf]/OT:language=dflt;!
Missing character: There is no 為 (U+70BA) in font [FandolSong-Regular.otf]/OT:language=dflt;!
Missing character: There is no 為 (U+70BA) in font [FandolSong-Regular.otf]/OT:language=dflt;!
Missing character: There is no 為 (U+70BA) in font [FandolSong-Regular.otf]/OT:language=dflt;!

Overfull \hbox (37.67732pt too wide) in paragraph at lines 1659--1669
[]$[][][]\OML/cmm/m/it/10.53937 ; [] 
 []

Missing character: There is no 為 (U+70BA) in font [FandolSong-Regular.otf]/OT:language=dflt;!
Missing character: There is no 為 (U+70BA) in font [FandolSong-Regular.otf]/OT:language=dflt;!
Missing character: There is no 為 (U+70BA) in font [FandolSong-Regular.otf]/OT:language=dflt;!
Missing character: There is no 為 (U+70BA) in font [FandolSong-Regular.otf]/OT:language=dflt;!
[6]
Missing character: There is no 內 (U+5167) in font [FandolSong-Regular.otf]/OT:language=dflt;!
Missing character: There is no 內 (U+5167) in font [FandolSong-Regular.otf]/OT:language=dflt;!
Missing character: There is no 內 (U+5167) in font [FandolSong-Regular.otf]/OT:language=dflt;!
Missing character: There is no 內 (U+5167) in font [FandolSong-Regular.otf]/OT:language=dflt;!
Missing character: There is no 內 (U+5167) in font [FandolSong-Regular.otf]/OT:language=dflt;!
Missing character: There is no 內 (U+5167) in font [FandolSong-Regular.otf]/OT:language=dflt;!
Missing character: There is no 內 (U+5167) in font [FandolSong-Regular.otf]/OT:language=dflt;!
Missing character: There is no 內 (U+5167) in font [FandolSong-Regular.otf]/OT:language=dflt;!
Missing character: There is no 內 (U+5167) in font [FandolSong-Regular.otf]/OT:language=dflt;!
Missing character: There is no 內 (U+5167) in font [FandolSong-Regular.otf]/OT:language=dflt;!
Missing character: There is no 內 (U+5167) in font [FandolSong-Regular.otf]/OT:language=dflt;!
Missing character: There is no 內 (U+5167) in font [FandolSong-Regular.otf]/OT:language=dflt;!
Missing character: There is no 為 (U+70BA) in font [FandolSong-Regular.otf]/OT:language=dflt;!
Missing character: There is no 為 (U+70BA) in font [FandolSong-Regular.otf]/OT:language=dflt;!
Missing character: There is no 為 (U+70BA) in font [FandolSong-Regular.otf]/OT:language=dflt;!
Missing character: There is no 為 (U+70BA) in font [FandolSong-Regular.otf]/OT:language=dflt;!
Missing character: There is no 為 (U+70BA) in font [FandolSong-Regular.otf]/OT:language=dflt;!
Missing character: There is no 為 (U+70BA) in font [FandolSong-Regular.otf]/OT:language=dflt;!
Missing character: There is no 為 (U+70BA) in font [FandolSong-Regular.otf]/OT:language=dflt;!
Missing character: There is no 為 (U+70BA) in font [FandolSong-Regular.otf]/OT:language=dflt;!
Missing character: There is no 內 (U+5167) in font [FandolSong-Regular.otf]/OT:language=dflt;!
Missing character: There is no 為 (U+70BA) in font [FandolSong-Regular.otf]/OT:language=dflt;!
Missing character: There is no 為 (U+70BA) in font [FandolSong-Regular.otf]/OT:language=dflt;!
Missing character: There is no 為 (U+70BA) in font [FandolSong-Regular.otf]/OT:language=dflt;!
Missing character: There is no 為 (U+70BA) in font [FandolSong-Regular.otf]/OT:language=dflt;!
Missing character: There is no 為 (U+70BA) in font [FandolSong-Regular.otf]/OT:language=dflt;!
Missing character: There is no 為 (U+70BA) in font [FandolSong-Regular.otf]/OT:language=dflt;!
Missing character: There is no 為 (U+70BA) in font [FandolSong-Regular.otf]/OT:language=dflt;!
Missing character: There is no 為 (U+70BA) in font [FandolSong-Regular.otf]/OT:language=dflt;!


LaTeX Font Warning: Command \tiny invalid in math mode on input line 1702.


LaTeX Font Warning: Command \tiny invalid in math mode on input line 1708.


LaTeX Font Warning: Command \tiny invalid in math mode on input line 1708.

Missing character: There is no 為 (U+70BA) in font [FandolSong-Regular.otf]/OT:language=dflt;!
[7]
Missing character: There is no 疊 (U+758A) in font [FandolSong-Regular.otf]/OT:language=dflt;!
Missing character: There is no 裡 (U+88E1) in font [FandolSong-Regular.otf]/OT:language=dflt;!
Missing character: There is no 疊 (U+758A) in font [FandolSong-Regular.otf]/OT:language=dflt;!
Missing character: There is no 裡 (U+88E1) in font [FandolSong-Regular.otf]/OT:language=dflt;!
Missing character: There is no 疊 (U+758A) in font [FandolSong-Regular.otf]/OT:language=dflt;!
Missing character: There is no 裡 (U+88E1) in font [FandolSong-Regular.otf]/OT:language=dflt;!
Missing character: There is no 疊 (U+758A) in font [FandolSong-Regular.otf]/OT:language=dflt;!
Missing character: There is no 裡 (U+88E1) in font [FandolSong-Regular.otf]/OT:language=dflt;!

Overfull \hbox (10.44872pt too wide) in paragraph at lines 1771--1774
[]$\OML/cmm/m/it/10.53937 if[]; then []z \OT1/cmr/m/n/10.53937 = \OML/cmm/m/it/10.53937 f [] []t[][][]$ 
 []

[8]
Missing character: There is no 為 (U+70BA) in font [FandolSong-Regular.otf]/OT:language=dflt;!
Missing character: There is no 為 (U+70BA) in font [FandolSong-Regular.otf]/OT:language=dflt;!
Missing character: There is no 為 (U+70BA) in font [FandolSong-Regular.otf]/OT:language=dflt;!
Missing character: There is no 為 (U+70BA) in font [FandolSong-Regular.otf]/OT:language=dflt;!
Missing character: There is no 為 (U+70BA) in font [FandolSong-Regular.otf]/OT:language=dflt;!
Missing character: There is no 為 (U+70BA) in font [FandolSong-Regular.otf]/OT:language=dflt;!
Missing character: There is no 為 (U+70BA) in font [FandolSong-Regular.otf]/OT:language=dflt;!
Missing character: There is no 為 (U+70BA) in font [FandolSong-Regular.otf]/OT:language=dflt;!
 [9]
Overfull \hbox (29.54266pt too wide) in paragraph at lines 1993--2009
[]$[] \OMS/cmsy/m/n/10.53937 ) []$ 
 []

[10]
Missing character: There is no ， (U+FF0C) in font [lmroman10-regular]:mapping=tex-text;!
Missing character: There is no ， (U+FF0C) in font [lmroman10-regular]:mapping=tex-text;!
Missing character: There is no ， (U+FF0C) in font [lmroman10-regular]:mapping=tex-text;!
 [11]
Overfull \hbox (5.2688pt too wide) in paragraph at lines 2083--2092
[]$[]\OML/cmm/m/it/10.53937 if []$ 
 []

Missing character: There is no ， (U+FF0C) in font [lmroman10-regular]:mapping=tex-text;!
Missing character: There is no 处 (U+5904) in font [lmroman10-regular]:mapping=tex-text;!
Missing character: There is no 展 (U+5C55) in font [lmroman10-regular]:mapping=tex-text;!
Missing character: There is no 开 (U+5F00) in font [lmroman10-regular]:mapping=tex-text;!
Missing character: There is no 较 (U+8F83) in font [lmroman10-regular]:mapping=tex-text;!
Missing character: There is no 远 (U+8FDC) in font [lmroman10-regular]:mapping=tex-text;!
Missing character: There is no 点 (U+70B9) in font [lmroman10-regular]:mapping=tex-text;!
[12] [13] [14]
Overfull \hbox (1.11102pt too wide) in paragraph at lines 2362--2372
[]$[] [] [] [][] \OML/cmm/m/it/10.53937 f [] dxdydz \OT1/cmr/m/n/10.53937 = [] [] [][] \OML/cmm/m/it/10.53937 f [] r[] [] 'drd'd^^R$ 
 []

[15]
Missing character: There is no ， (U+FF0C) in font [lmroman10-regular]:mapping=tex-text;!
 [16] [17]
Overfull \hbox (15.66696pt too wide) in paragraph at lines 2582--2596
$[] \OMS/cmsy/m/n/10.53937 ! []$ 
 []

Missing character: There is no ; ("3B) in font nullfont!
Missing character: There is no ; ("3B) in font nullfont!
Missing character: There is no ; ("3B) in font nullfont!
Missing character: There is no ; ("3B) in font nullfont!
Missing character: There is no ; ("3B) in font nullfont!
Missing character: There is no ; ("3B) in font nullfont!
[18]
Underfull \hbox (badness 10000) in paragraph at lines 2681--2682

 []


Overfull \hbox (1.56943pt too wide) in paragraph at lines 2696--2697
[]\TU/FandolSong-Regular(0)/m/n/10.53937 光 滑 曲 面 $\OT1/cmr/m/n/10.53937 ^^F$\TU/lmr/m/n/10.53937 , \TU/FandolSong-Regular(0)/m/n/10.53937 函 数 $\OML/cmm/m/it/10.53937 f []$ \TU/FandolSong-Regular(0)/m/n/10.53937 在 $\OT1/cmr/m/n/10.53937 ^^F$ \TU/FandolSong-Regular(0)/m/n/10.53937 有 界，|  任 意 分 割 \TU/lmr/m/n/10.53937 n \TU/FandolSong-Regular(0)/m/n/10.53937 小 块 $\OT1/cmr/m/n/10.53937 ^^A\OML/cmm/m/it/10.53937 S[]$\TU/lmr/m/n/10.53937 , \TU/FandolSong-Regular(0)/m/n/10.53937 无 关 面 分 法，|  点 取 法，|  极 限 $[][] [] \OML/cmm/m/it/10.53937 f [] \OT1/cmr/m/n/10.53937 ^^A\OML/cmm/m/it/10.53937 S[] \OT1/cmr/m/n/10.53937 =
 []

[19]
Overfull \hbox (11.99591pt too wide) in paragraph at lines 2736--2741
[]\TU/FandolSong-Regular(0)/m/n/10.53937 第 二 类 曲 面 积 分，|  函 数 在 有 向 面 上 对 坐 标 轴 \TU/lmr/m/n/10.53937 x,y(x,z/y,z) \TU/FandolSong-Regular(0)/m/n/10.53937 的 积 分 $[]$ 
 []

[20] [21]
Missing character: There is no ， (U+FF0C) in font [lmroman10-regular]:mapping=tex-text;!
 [22] [23] [24]
Missing character: There is no 则 (U+5219) in font [lmroman10-regular]:mapping=tex-text;!
Missing character: There is no ; ("3B) in font nullfont!
Missing character: There is no ; ("3B) in font nullfont!
Missing character: There is no ; ("3B) in font nullfont!
Missing character: There is no ; ("3B) in font nullfont!
Missing character: There is no ; ("3B) in font nullfont!
Missing character: There is no ; ("3B) in font nullfont!
Missing character: There is no ; ("3B) in font nullfont!
Missing character: There is no ; ("3B) in font nullfont!
Missing character: There is no ; ("3B) in font nullfont!
Missing character: There is no ; ("3B) in font nullfont!
Missing character: There is no ; ("3B) in font nullfont!
Missing character: There is no ; ("3B) in font nullfont!
Missing character: There is no ; ("3B) in font nullfont!
Missing character: There is no ; ("3B) in font nullfont!
Missing character: There is no ; ("3B) in font nullfont!
Missing character: There is no ; ("3B) in font nullfont!
Missing character: There is no ; ("3B) in font nullfont!
Missing character: There is no ; ("3B) in font nullfont!
Missing character: There is no ; ("3B) in font nullfont!
Missing character: There is no ; ("3B) in font nullfont!
Missing character: There is no ; ("3B) in font nullfont!
Missing character: There is no ; ("3B) in font nullfont!
Missing character: There is no ; ("3B) in font nullfont!
Missing character: There is no ; ("3B) in font nullfont!
Missing character: There is no ; ("3B) in font nullfont!
Missing character: There is no ; ("3B) in font nullfont!
 [25] [26] (./tex2.aux) ) 
Here is how much of TeX's memory you used:
 20501 strings out of 476919
 478162 string characters out of 5825423
 808777 words of memory out of 5000000
 40114 multiletter control sequences out of 15000+600000
 412696 words of font info for 94 fonts, out of 8000000 for 9000
 1348 hyphenation exceptions out of 8191
 113i,21n,116p,1186b,606s stack positions out of 5000i,500n,10000p,200000b,80000s

Output written on tex2.pdf (33 pages).
